Removed Pin From Net: NetName=LED_3 Pin=R1-1
Removed Pin From Net: NetName=GND Pin=R1-2
Removed Pin From Net: NetName=PA7 Pin=SW4-2
Removed Pin From Net: NetName=LED_1 Pin=U1-18
Removed Pin From Net: NetName=LED_2 Pin=U1-19
Removed Pin From Net: NetName=LED_3 Pin=U1-20
Removed Member From Class: ClassName=taximeter Member=R1
Added Pin To Net: NetName=PA7 Pin=SW1-2
Added Pin To Net: NetName=LED_1 Pin=U1-14
Added Pin To Net: NetName=LED_2 Pin=U1-15
Added Pin To Net: NetName=LED_3 Pin=U1-16
Added Pin To Net: NetName=PB0 Pin=SW2-2
Added Pin To Net: NetName=PB0 Pin=U1-18
Added Net: Name=PB0
Added Pin To Net: NetName=PB1 Pin=SW3-2
Added Pin To Net: NetName=PB1 Pin=U1-19
Added Net: Name=PB1
Added Pin To Net: NetName=PB2 Pin=SW4-2
Added Pin To Net: NetName=PB2 Pin=U1-20
Added Net: Name=PB2
Added Room: Name=taximeter
