Removed Pin From Net: NetName=LED_1 Pin=D1-1
Removed Pin From Net: NetName=GND Pin=D1-2
Removed Pin From Net: NetName=LED_2 Pin=D2-1
Removed Pin From Net: NetName=GND Pin=D2-2
Removed Pin From Net: NetName=LED_3 Pin=D3-1
Removed Pin From Net: NetName=GND Pin=D3-2
Removed Pin From Net: NetName=LED_1 Pin=R7-1
Removed Pin From Net: NetName=LED_2 Pin=R8-1
Removed Pin From Net: NetName=LED_3 Pin=R9-1
Added Pin To Net: NetName=LED_1 Pin=D1-2
Added Pin To Net: NetName=LED_2 Pin=D2-2
Added Pin To Net: NetName=LED_3 Pin=D3-2
Added Pin To Net: NetName=NetD1_1 Pin=D1-1
Added Pin To Net: NetName=NetD1_1 Pin=R7-1
Added Net: Name=NetD1_1
Added Pin To Net: NetName=NetD2_1 Pin=D2-1
Added Pin To Net: NetName=NetD2_1 Pin=R8-1
Added Net: Name=NetD2_1
Added Pin To Net: NetName=NetD3_1 Pin=D3-1
Added Pin To Net: NetName=NetD3_1 Pin=R9-1
Added Net: Name=NetD3_1
Added Room: Name=taximeter
